  Camera.cpp
  DirectionalLight.cpp
C:\Users\aleja\Desktop\Proyecto_TeoV1\Project1\Project1\DirectionalLight.cpp(18,14): warning C4244: 'argumento': conversión de 'GLfloat' a 'GLint'; posible pérdida de datos
C:\Users\aleja\Desktop\Proyecto_TeoV1\Project1\Project1\DirectionalLight.cpp(19,14): warning C4244: 'argumento': conversión de 'GLfloat' a 'GLint'; posible pérdida de datos
C:\Users\aleja\Desktop\Proyecto_TeoV1\Project1\Project1\DirectionalLight.cpp(21,14): warning C4244: 'argumento': conversión de 'GLfloat' a 'GLint'; posible pérdida de datos
C:\Users\aleja\Desktop\Proyecto_TeoV1\Project1\Project1\DirectionalLight.cpp(22,14): warning C4244: 'argumento': conversión de 'GLfloat' a 'GLint'; posible pérdida de datos
  Light.cpp
  Material.cpp
  Mesh_tn.cpp
  Model.cpp
C:\Users\aleja\Desktop\Proyecto_TeoV1\Project1\Project1\Model.cpp(16,10): warning C4477: 'printf' : la cadena de formato '%s' requiere un argumento de tipo 'char *', pero el argumento variádico 1 tiene el tipo 'const std::string'
C:\Users\aleja\Desktop\Proyecto_TeoV1\Project1\Project1\Model.cpp(16,80): warning C4474: "printf": se pasaron demasiados argumentos para la cadena de formato
C:\Users\aleja\Desktop\Proyecto_TeoV1\Project1\Project1\Model.cpp(16,80): message : los marcadores de posición y sus parámetros esperan 1 argumentos variádicos, pero se proporcionaron 2
C:\Users\aleja\Desktop\Proyecto_TeoV1\Project1\Project1\Model.cpp(51,7): warning C4804: '<': uso no seguro del tipo 'bool' en la operación
C:\Users\aleja\Desktop\Proyecto_TeoV1\Project1\Project1\Model.cpp(51,21): warning C4018: '<': no coinciden signed/unsigned
C:\Users\aleja\Desktop\Proyecto_TeoV1\Project1\Project1\Model.cpp(138,14): warning C4477: 'printf' : la cadena de formato '%s' requiere un argumento de tipo 'char *', pero el argumento variádico 1 tiene el tipo 'std::string'
C:\Users\aleja\Desktop\Proyecto_TeoV1\Project1\Project1\Model.cpp(147,14): warning C4477: 'printf' : la cadena de formato '%s' requiere un argumento de tipo 'char *', pero el argumento variádico 1 tiene el tipo 'std::string'
  PointLight.cpp
C:\Users\aleja\Desktop\Proyecto_TeoV1\Project1\Project1\PointLight.cpp(28,14): warning C4244: 'argumento': conversión de 'GLfloat' a 'GLint'; posible pérdida de datos
C:\Users\aleja\Desktop\Proyecto_TeoV1\Project1\Project1\PointLight.cpp(29,14): warning C4244: 'argumento': conversión de 'GLfloat' a 'GLint'; posible pérdida de datos
C:\Users\aleja\Desktop\Proyecto_TeoV1\Project1\Project1\PointLight.cpp(30,14): warning C4244: 'argumento': conversión de 'GLfloat' a 'GLint'; posible pérdida de datos
C:\Users\aleja\Desktop\Proyecto_TeoV1\Project1\Project1\PointLight.cpp(32,14): warning C4244: 'argumento': conversión de 'GLfloat' a 'GLint'; posible pérdida de datos
C:\Users\aleja\Desktop\Proyecto_TeoV1\Project1\Project1\PointLight.cpp(33,14): warning C4244: 'argumento': conversión de 'GLfloat' a 'GLint'; posible pérdida de datos
C:\Users\aleja\Desktop\Proyecto_TeoV1\Project1\Project1\PointLight.cpp(34,14): warning C4244: 'argumento': conversión de 'GLfloat' a 'GLint'; posible pérdida de datos
C:\Users\aleja\Desktop\Proyecto_TeoV1\Project1\Project1\PointLight.cpp(35,14): warning C4244: 'argumento': conversión de 'GLfloat' a 'GLint'; posible pérdida de datos
  Proyecto_Lab.cpp
C:\Users\aleja\Desktop\Proyecto_TeoV1\Project1\Project1\Window.h(12,36): warning C4244: 'return': conversión de 'GLint' a 'GLfloat'; posible pérdida de datos
C:\Users\aleja\Desktop\Proyecto_TeoV1\Project1\Project1\Window.h(13,37): warning C4244: 'return': conversión de 'GLint' a 'GLfloat'; posible pérdida de datos
C:\Users\aleja\Desktop\Proyecto_TeoV1\Project1\Project1\Window.h(28,36): warning C4244: 'return': conversión de 'GLint' a 'GLfloat'; posible pérdida de datos
C:\Users\aleja\Desktop\Proyecto_TeoV1\Project1\Project1\Proyecto_Lab.cpp(1269,28): warning C4305: '=': truncamiento de 'double' a 'float'
C:\Users\aleja\Desktop\Proyecto_TeoV1\Project1\Project1\Proyecto_Lab.cpp(1306,28): warning C4305: '=': truncamiento de 'double' a 'float'
C:\Users\aleja\Desktop\Proyecto_TeoV1\Project1\Project1\Proyecto_Lab.cpp(1340,28): warning C4305: '=': truncamiento de 'double' a 'float'
C:\Users\aleja\Desktop\Proyecto_TeoV1\Project1\Project1\Proyecto_Lab.cpp(1439,28): warning C4305: '=': truncamiento de 'double' a 'float'
C:\Users\aleja\Desktop\Proyecto_TeoV1\Project1\Project1\Proyecto_Lab.cpp(1472,28): warning C4305: '=': truncamiento de 'double' a 'float'
C:\Users\aleja\Desktop\Proyecto_TeoV1\Project1\Project1\Proyecto_Lab.cpp(1505,28): warning C4305: '=': truncamiento de 'double' a 'float'
C:\Users\aleja\Desktop\Proyecto_TeoV1\Project1\Project1\Proyecto_Lab.cpp(1538,28): warning C4305: '=': truncamiento de 'double' a 'float'
C:\Users\aleja\Desktop\Proyecto_TeoV1\Project1\Project1\Proyecto_Lab.cpp(1571,28): warning C4305: '=': truncamiento de 'double' a 'float'
C:\Users\aleja\Desktop\Proyecto_TeoV1\Project1\Project1\Proyecto_Lab.cpp(1604,29): warning C4305: '=': truncamiento de 'double' a 'float'
C:\Users\aleja\Desktop\Proyecto_TeoV1\Project1\Project1\Proyecto_Lab.cpp(1703,29): warning C4305: '=': truncamiento de 'double' a 'float'
C:\Users\aleja\Desktop\Proyecto_TeoV1\Project1\Project1\Proyecto_Lab.cpp(1736,29): warning C4305: '=': truncamiento de 'double' a 'float'
C:\Users\aleja\Desktop\Proyecto_TeoV1\Project1\Project1\Proyecto_Lab.cpp(1769,29): warning C4305: '=': truncamiento de 'double' a 'float'
C:\Users\aleja\Desktop\Proyecto_TeoV1\Project1\Project1\Proyecto_Lab.cpp(1802,29): warning C4305: '=': truncamiento de 'double' a 'float'
C:\Users\aleja\Desktop\Proyecto_TeoV1\Project1\Project1\Proyecto_Lab.cpp(1835,29): warning C4305: '=': truncamiento de 'double' a 'float'
C:\Users\aleja\Desktop\Proyecto_TeoV1\Project1\Project1\Proyecto_Lab.cpp(1868,29): warning C4305: '=': truncamiento de 'double' a 'float'
C:\Users\aleja\Desktop\Proyecto_TeoV1\Project1\Project1\Proyecto_Lab.cpp(1901,29): warning C4305: '=': truncamiento de 'double' a 'float'
C:\Users\aleja\Desktop\Proyecto_TeoV1\Project1\Project1\Proyecto_Lab.cpp(1935,29): warning C4305: '=': truncamiento de 'double' a 'float'
C:\Users\aleja\Desktop\Proyecto_TeoV1\Project1\Project1\Proyecto_Lab.cpp(1968,29): warning C4305: '=': truncamiento de 'double' a 'float'
C:\Users\aleja\Desktop\Proyecto_TeoV1\Project1\Project1\Proyecto_Lab.cpp(2001,29): warning C4305: '=': truncamiento de 'double' a 'float'
C:\Users\aleja\Desktop\Proyecto_TeoV1\Project1\Project1\Proyecto_Lab.cpp(2035,29): warning C4305: '=': truncamiento de 'double' a 'float'
C:\Users\aleja\Desktop\Proyecto_TeoV1\Project1\Project1\Proyecto_Lab.cpp(2450,19): warning C4244: 'inicializando': conversión de 'double' a 'GLfloat'; posible pérdida de datos
C:\Users\aleja\Desktop\Proyecto_TeoV1\Project1\Project1\Proyecto_Lab.cpp(2456,15): warning C4244: 'inicializando': conversión de 'double' a 'GLfloat'; posible pérdida de datos
C:\Users\aleja\Desktop\Proyecto_TeoV1\Project1\Project1\Proyecto_Lab.cpp(3996,51): warning C4244: '-=': conversión de 'double' a 'float'; posible pérdida de datos
C:\Users\aleja\Desktop\Proyecto_TeoV1\Project1\Project1\Proyecto_Lab.cpp(3997,49): warning C4244: '-=': conversión de 'double' a 'float'; posible pérdida de datos
C:\Users\aleja\Desktop\Proyecto_TeoV1\Project1\Project1\Proyecto_Lab.cpp(3998,52): warning C4244: '-=': conversión de 'double' a 'float'; posible pérdida de datos
C:\Users\aleja\Desktop\Proyecto_TeoV1\Project1\Project1\Proyecto_Lab.cpp(3999,50): warning C4244: '-=': conversión de 'double' a 'float'; posible pérdida de datos
C:\Users\aleja\Desktop\Proyecto_TeoV1\Project1\Project1\Proyecto_Lab.cpp(4015,50): warning C4244: '+=': conversión de 'double' a 'float'; posible pérdida de datos
C:\Users\aleja\Desktop\Proyecto_TeoV1\Project1\Project1\Proyecto_Lab.cpp(4025,50): warning C4244: '+=': conversión de 'double' a 'float'; posible pérdida de datos
C:\Users\aleja\Desktop\Proyecto_TeoV1\Project1\Project1\Proyecto_Lab.cpp(4036,50): warning C4244: '+=': conversión de 'double' a 'float'; posible pérdida de datos
C:\Users\aleja\Desktop\Proyecto_TeoV1\Project1\Project1\Proyecto_Lab.cpp(4048,50): warning C4244: '+=': conversión de 'double' a 'float'; posible pérdida de datos
C:\Users\aleja\Desktop\Proyecto_TeoV1\Project1\Project1\Proyecto_Lab.cpp(4049,50): warning C4244: '+=': conversión de 'double' a 'float'; posible pérdida de datos
C:\Users\aleja\Desktop\Proyecto_TeoV1\Project1\Project1\Proyecto_Lab.cpp(4050,50): warning C4244: '-=': conversión de 'double' a 'float'; posible pérdida de datos
C:\Users\aleja\Desktop\Proyecto_TeoV1\Project1\Project1\Proyecto_Lab.cpp(4063,50): warning C4244: '+=': conversión de 'double' a 'float'; posible pérdida de datos
C:\Users\aleja\Desktop\Proyecto_TeoV1\Project1\Project1\Proyecto_Lab.cpp(4077,50): warning C4244: '+=': conversión de 'double' a 'float'; posible pérdida de datos
C:\Users\aleja\Desktop\Proyecto_TeoV1\Project1\Project1\Proyecto_Lab.cpp(4078,50): warning C4244: '-=': conversión de 'double' a 'float'; posible pérdida de datos
C:\Users\aleja\Desktop\Proyecto_TeoV1\Project1\Project1\Proyecto_Lab.cpp(4079,50): warning C4244: '+=': conversión de 'double' a 'float'; posible pérdida de datos
C:\Users\aleja\Desktop\Proyecto_TeoV1\Project1\Project1\Proyecto_Lab.cpp(4094,50): warning C4244: '-=': conversión de 'double' a 'float'; posible pérdida de datos
C:\Users\aleja\Desktop\Proyecto_TeoV1\Project1\Project1\Proyecto_Lab.cpp(4095,50): warning C4244: '-=': conversión de 'double' a 'float'; posible pérdida de datos
C:\Users\aleja\Desktop\Proyecto_TeoV1\Project1\Project1\Proyecto_Lab.cpp(4096,50): warning C4244: '+=': conversión de 'double' a 'float'; posible pérdida de datos
C:\Users\aleja\Desktop\Proyecto_TeoV1\Project1\Project1\Proyecto_Lab.cpp(4112,50): warning C4244: '-=': conversión de 'double' a 'float'; posible pérdida de datos
C:\Users\aleja\Desktop\Proyecto_TeoV1\Project1\Project1\Proyecto_Lab.cpp(4113,50): warning C4244: '-=': conversión de 'double' a 'float'; posible pérdida de datos
C:\Users\aleja\Desktop\Proyecto_TeoV1\Project1\Project1\Proyecto_Lab.cpp(4114,50): warning C4244: '+=': conversión de 'double' a 'float'; posible pérdida de datos
C:\Users\aleja\Desktop\Proyecto_TeoV1\Project1\Project1\Proyecto_Lab.cpp(4150,50): warning C4244: '+=': conversión de 'double' a 'float'; posible pérdida de datos
C:\Users\aleja\Desktop\Proyecto_TeoV1\Project1\Project1\Proyecto_Lab.cpp(4151,50): warning C4244: '-=': conversión de 'double' a 'float'; posible pérdida de datos
C:\Users\aleja\Desktop\Proyecto_TeoV1\Project1\Project1\Proyecto_Lab.cpp(4170,50): warning C4244: '+=': conversión de 'double' a 'float'; posible pérdida de datos
C:\Users\aleja\Desktop\Proyecto_TeoV1\Project1\Project1\Proyecto_Lab.cpp(4171,50): warning C4244: '-=': conversión de 'double' a 'float'; posible pérdida de datos
  Shader_light.cpp
C:\Users\aleja\Desktop\Proyecto_TeoV1\Project1\Project1\Shader_light.cpp(207,75): warning C4244: 'argumento': conversión de 'GLuint' a 'GLfloat'; posible pérdida de datos
C:\Users\aleja\Desktop\Proyecto_TeoV1\Project1\Project1\Shader_light.cpp(207,26): warning C4244: 'argumento': conversión de 'GLuint' a 'GLfloat'; posible pérdida de datos
C:\Users\aleja\Desktop\Proyecto_TeoV1\Project1\Project1\Shader_light.cpp(206,91): warning C4244: 'argumento': conversión de 'GLuint' a 'GLfloat'; posible pérdida de datos
C:\Users\aleja\Desktop\Proyecto_TeoV1\Project1\Project1\Shader_light.cpp(206,42): warning C4244: 'argumento': conversión de 'GLuint' a 'GLfloat'; posible pérdida de datos
C:\Users\aleja\Desktop\Proyecto_TeoV1\Project1\Project1\Shader_light.cpp(220,98): warning C4244: 'argumento': conversión de 'GLuint' a 'GLfloat'; posible pérdida de datos
C:\Users\aleja\Desktop\Proyecto_TeoV1\Project1\Project1\Shader_light.cpp(220,62): warning C4244: 'argumento': conversión de 'GLuint' a 'GLfloat'; posible pérdida de datos
C:\Users\aleja\Desktop\Proyecto_TeoV1\Project1\Project1\Shader_light.cpp(220,24): warning C4244: 'argumento': conversión de 'GLuint' a 'GLfloat'; posible pérdida de datos
C:\Users\aleja\Desktop\Proyecto_TeoV1\Project1\Project1\Shader_light.cpp(219,70): warning C4244: 'argumento': conversión de 'GLuint' a 'GLfloat'; posible pérdida de datos
C:\Users\aleja\Desktop\Proyecto_TeoV1\Project1\Project1\Shader_light.cpp(219,24): warning C4244: 'argumento': conversión de 'GLuint' a 'GLfloat'; posible pérdida de datos
C:\Users\aleja\Desktop\Proyecto_TeoV1\Project1\Project1\Shader_light.cpp(218,88): warning C4244: 'argumento': conversión de 'GLuint' a 'GLfloat'; posible pérdida de datos
C:\Users\aleja\Desktop\Proyecto_TeoV1\Project1\Project1\Shader_light.cpp(218,42): warning C4244: 'argumento': conversión de 'GLuint' a 'GLfloat'; posible pérdida de datos
  Skybox.cpp
  Sphere.cpp
C:\Users\aleja\Desktop\Proyecto_TeoV1\Project1\Project1\Sphere.cpp(39,13): warning C4244: 'inicializando': conversión de 'double' a 'float'; posible pérdida de datos
C:\Users\aleja\Desktop\Proyecto_TeoV1\Project1\Project1\Sphere.cpp(43,16): warning C4244: 'inicializando': conversión de 'double' a 'float'; posible pérdida de datos
  SpotLight.cpp
  Texture.cpp
  Window.cpp
C:\Users\aleja\Desktop\Proyecto_TeoV1\Project1\Project1\Window.h(12,36): warning C4244: 'return': conversión de 'GLint' a 'GLfloat'; posible pérdida de datos
C:\Users\aleja\Desktop\Proyecto_TeoV1\Project1\Project1\Window.h(13,37): warning C4244: 'return': conversión de 'GLint' a 'GLfloat'; posible pérdida de datos
C:\Users\aleja\Desktop\Proyecto_TeoV1\Project1\Project1\Window.h(28,36): warning C4244: 'return': conversión de 'GLint' a 'GLfloat'; posible pérdida de datos
C:\Users\aleja\Desktop\Proyecto_TeoV1\Project1\Project1\Window.cpp(225,22): warning C4244: '=': conversión de 'double' a 'GLfloat'; posible pérdida de datos
C:\Users\aleja\Desktop\Proyecto_TeoV1\Project1\Project1\Window.cpp(226,22): warning C4244: '=': conversión de 'double' a 'GLfloat'; posible pérdida de datos
C:\Users\aleja\Desktop\Proyecto_TeoV1\Project1\Project1\Window.cpp(230,28): warning C4244: '=': conversión de 'double' a 'GLfloat'; posible pérdida de datos
C:\Users\aleja\Desktop\Proyecto_TeoV1\Project1\Project1\Window.cpp(231,40): warning C4244: '=': conversión de 'double' a 'GLfloat'; posible pérdida de datos
C:\Users\aleja\Desktop\Proyecto_TeoV1\Project1\Project1\Window.cpp(233,21): warning C4244: '=': conversión de 'double' a 'GLfloat'; posible pérdida de datos
C:\Users\aleja\Desktop\Proyecto_TeoV1\Project1\Project1\Window.cpp(234,21): warning C4244: '=': conversión de 'double' a 'GLfloat'; posible pérdida de datos
  Generando código...
C:\Users\aleja\Desktop\Proyecto_TeoV1\Project1\Project1\Window.cpp(88): warning C4715: 'Window::Initialise': no todas las rutas de acceso de control devuelven un valor
LINK : warning LNK4098: la biblioteca predeterminada'MSVCRT' entra en conflicto con otras bibliotecas; use la biblioteca /NODEFAULTLIB:biblioteca
  Project1.vcxproj -> C:\Users\aleja\Desktop\Proyecto_TeoV1\Project1\Debug\Project1.exe
